<?xml version="1.0" encoding="UTF-8"?>
<testng-results ignored="0" total="1" passed="1" failed="0" skipped="0">
  <reporter-output>
  </reporter-output>
  <suite started-at="2020-12-11T13:39:56 IST" name="Default suite" finished-at="2020-12-11T13:39:58 IST" duration-ms="2311">
    <groups>
    </groups>
    <test started-at="2020-12-11T13:39:56 IST" name="Default test" finished-at="2020-12-11T13:39:58 IST" duration-ms="2311">
      <class name="Employee.DeleteRequest">
        <test-method signature="DeleteEmployee()[pri:0, instance:Employee.DeleteRequest@3e96bacf]" started-at="2020-12-11T13:39:56 IST" name="DeleteEmployee" finished-at="2020-12-11T13:39:58 IST" duration-ms="2262" status="PASS">
          <reporter-output>
          </reporter-output>
        </test-method> <!-- DeleteEmployee -->
      </class> <!-- Employee.DeleteRequest -->
    </test> <!-- Default test -->
  </suite> <!-- Default suite -->
</testng-results>
